<?xml version="1.0" encoding="UTF-8"?>
<!-- Generated by org.testng.reporters.JUnitXMLReporter -->
<testsuite hostname="Sharaths-MacBook-Pro.local" ignored="0" name="Test" tests="1" failures="1" timestamp="12 Jul 2020 05:53:36 GMT" time="36.596" errors="0">
  <testcase name="validateProductOnProductsDetailPage" time="12.737" classname="com.qa.tests.ProductTest">
    <failure type="java.lang.AssertionError" message="The following asserts failed:
	expected [null] but found [carry.allTheThings() with the sleek, streamlined Sly Pack that melds uncompromising style with unequaled laptop and tablet protection.]">
      <![CDATA[java.lang.AssertionError: The following asserts failed:
	expected [null] but found [carry.allTheThings() with the sleek, streamlined Sly Pack that melds uncompromising style with unequaled laptop and tablet protection.]
	at com.qa.tests.ProductTest.validateProductOnProductsDetailPage(ProductTest.java:110)
... Removed 26 stack frames]]>
    </failure>
  </testcase> <!-- validateProductOnProductsDetailPage -->
</testsuite> <!-- Test -->
